<?xml version="1.0" encoding="UTF-8"?>
<testsuite xmlns:xsi="http://www.w3.org/2001/XMLSchema-instance" xsi:noNamespaceSchemaLocation="https://maven.apache.org/surefire/maven-surefire-plugin/xsd/surefire-test-report-3.0.xsd" version="3.0" name="com.example.tests.RestfulBookerE2ETests" time="7.113" tests="4" errors="0" skipped="0" failures="0">
  <properties>
[...]
</properties>
  <testcase name="updateBookingTest" classname="com.example.tests.RestfulBookerE2ETests" time="2.624">
    <system-out><![CDATA[Request method:	POST
Request URI:	https://restful-booker.herokuapp.com/booking
Proxy:			<none>
Request params:	<none>
Query params:	<none>
Form params:	<none>
Path params:	<none>
Headers:		Accept=application/json
				Content-Type=application/json
Cookies:		<none>
Multiparts:		<none>
Body:
{
    "firstname": "Elda",
    "lastname": "Dietrich",
    "totalprice": 1579,
    "depositpaid": true,
    "bookingdates": {
        "checkin": "2024-05-12",
        "checkout": "2024-05-15"
    },
    "additionalneeds": "Breakfast"
}
HTTP/1.1 200 OK
Server: Cowboy
Report-To: {"group":"heroku-nel","max_age":3600,"endpoints":[{"url":"https://nel.heroku.com/reports?ts=1715690208&sid=c46efe9b-d3d2-4a0c-8c76-bfafa16c5add&s=ufVZkpOrSRJeGptgALiF3Qg8x9nuYhYjMXXrEYcRh4I%3D"}]}
Reporting-Endpoints: heroku-nel=https://nel.heroku.com/reports?ts=1715690208&sid=c46efe9b-d3d2-4a0c-8c76-bfafa16c5add&s=ufVZkpOrSRJeGptgALiF3Qg8x9nuYhYjMXXrEYcRh4I%3D
Nel: {"report_to":"heroku-nel","max_age":3600,"success_fraction":0.005,"failure_fraction":0.05,"response_headers":["Via"]}
Connection: keep-alive
X-Powered-By: Express
Content-Type: application/json; charset=utf-8
Content-Length: 202
Etag: W/"ca-KNA5qyG6AQ2lG1pvQKINWKgLZYw"
Date: Tue, 14 May 2024 12:36:48 GMT
Via: 1.1 vegur

{
    "bookingid": 2742,
    "booking": {
        "firstname": "Elda",
        "lastname": "Dietrich",
        "totalprice": 1579,
        "depositpaid": true,
        "bookingdates": {
            "checkin": "2024-05-12",
            "checkout": "2024-05-15"
        },
        "additionalneeds": "Breakfast"
    }
}
Request method:	POST
Request URI:	https://restful-booker.herokuapp.com/auth
Proxy:			<none>
Request params:	<none>
Query params:	<none>
Form params:	<none>
Path params:	<none>
Headers:		Accept=application/json
				Content-Type=application/json
Cookies:		<none>
Multiparts:		<none>
Body:
{
    "username": "admin",
    "password": "password123"
}
HTTP/1.1 200 OK
Server: Cowboy
Report-To: {"group":"heroku-nel","max_age":3600,"endpoints":[{"url":"https://nel.heroku.com/reports?ts=1715690209&sid=c46efe9b-d3d2-4a0c-8c76-bfafa16c5add&s=DbKog9HfyiQAYe2%2BhbNdlw5Y%2Bvsqq7QgBmEds7kqJjw%3D"}]}
Reporting-Endpoints: heroku-nel=https://nel.heroku.com/reports?ts=1715690209&sid=c46efe9b-d3d2-4a0c-8c76-bfafa16c5add&s=DbKog9HfyiQAYe2%2BhbNdlw5Y%2Bvsqq7QgBmEds7kqJjw%3D
Nel: {"report_to":"heroku-nel","max_age":3600,"success_fraction":0.005,"failure_fraction":0.05,"response_headers":["Via"]}
Connection: keep-alive
X-Powered-By: Express
Content-Type: application/json; charset=utf-8
Content-Length: 27
Etag: W/"1b-xudAzc0rLnH7LWJ39q0JVkxnseA"
Date: Tue, 14 May 2024 12:36:49 GMT
Via: 1.1 vegur

{
    "token": "b8da268d42d677c"
}
Request method:	PUT
Request URI:	https://restful-booker.herokuapp.com/booking/2742
Proxy:			<none>
Request params:	<none>
Query params:	<none>
Form params:	<none>
Path params:	<none>
Headers:		Accept=application/json
				Cookie=token=b8da268d42d677c
				Content-Type=application/json
Cookies:		<none>
Multiparts:		<none>
Body:
{
    "firstname": "Kacey",
    "lastname": "Walker",
    "totalprice": 378,
    "depositpaid": true,
    "bookingdates": {
        "checkin": "2024-05-13",
        "checkout": "2024-05-18"
    },
    "additionalneeds": "Breakfast"
}
HTTP/1.1 200 OK
Server: Cowboy
Report-To: {"group":"heroku-nel","max_age":3600,"endpoints":[{"url":"https://nel.heroku.com/reports?ts=1715690209&sid=c46efe9b-d3d2-4a0c-8c76-bfafa16c5add&s=DbKog9HfyiQAYe2%2BhbNdlw5Y%2Bvsqq7QgBmEds7kqJjw%3D"}]}
Reporting-Endpoints: heroku-nel=https://nel.heroku.com/reports?ts=1715690209&sid=c46efe9b-d3d2-4a0c-8c76-bfafa16c5add&s=DbKog9HfyiQAYe2%2BhbNdlw5Y%2Bvsqq7QgBmEds7kqJjw%3D
Nel: {"report_to":"heroku-nel","max_age":3600,"success_fraction":0.005,"failure_fraction":0.05,"response_headers":["Via"]}
Connection: keep-alive
X-Powered-By: Express
Content-Type: application/json; charset=utf-8
Content-Length: 171
Etag: W/"ab-T9Zni9BEYfwWmr9K932RZr5f1So"
Date: Tue, 14 May 2024 12:36:49 GMT
Via: 1.1 vegur

{
    "firstname": "Kacey",
    "lastname": "Walker",
    "totalprice": 378,
    "depositpaid": true,
    "bookingdates": {
        "checkin": "2024-05-13",
        "checkout": "2024-05-18"
    },
    "additionalneeds": "Breakfast"
}
]]></system-out>
  </testcase>
  <testcase name="getBookingTest" classname="com.example.tests.RestfulBookerE2ETests" time="1.37">
    <system-out><![CDATA[Request method:	POST
Request URI:	https://restful-booker.herokuapp.com/booking
Proxy:			<none>
Request params:	<none>
Query params:	<none>
Form params:	<none>
Path params:	<none>
Headers:		Accept=application/json
				Content-Type=application/json
Cookies:		<none>
Multiparts:		<none>
Body:
{
    "firstname": "Nolan",
    "lastname": "Murray",
    "totalprice": 2,
    "depositpaid": true,
    "bookingdates": {
        "checkin": "2024-04-28",
        "checkout": "2024-05-17"
    },
    "additionalneeds": "Breakfast"
}
Request method:	POST
Request URI:	https://restful-booker.herokuapp.com/booking
Proxy:			<none>
Request params:	<none>
Query params:	<none>
Form params:	<none>
Path params:	<none>
Headers:		Accept=application/json
				Content-Type=application/json
Cookies:		<none>
Multiparts:		<none>
Body:
{
    "firstname": "Nolan",
    "lastname": "Murray",
    "totalprice": 2,
    "depositpaid": true,
    "bookingdates": {
        "checkin": "2024-04-28",
        "checkout": "2024-05-17"
    },
    "additionalneeds": "Breakfast"
}
HTTP/1.1 200 OK
Server: Cowboy
Report-To: {"group":"heroku-nel","max_age":3600,"endpoints":[{"url":"https://nel.heroku.com/reports?ts=1715690210&sid=c46efe9b-d3d2-4a0c-8c76-bfafa16c5add&s=YrkMrNqJdRUpr3OcsM2E15A5ryqmVfMqkG2h7ARI4Z4%3D"}]}
Reporting-Endpoints: heroku-nel=https://nel.heroku.com/reports?ts=1715690210&sid=c46efe9b-d3d2-4a0c-8c76-bfafa16c5add&s=YrkMrNqJdRUpr3OcsM2E15A5ryqmVfMqkG2h7ARI4Z4%3D
Nel: {"report_to":"heroku-nel","max_age":3600,"success_fraction":0.005,"failure_fraction":0.05,"response_headers":["Via"]}
Connection: keep-alive
X-Powered-By: Express
Content-Type: application/json; charset=utf-8
Content-Length: 198
Etag: W/"c6-YoxTCB2fHLNOgeo0TXdfaH29Dl4"
Date: Tue, 14 May 2024 12:36:50 GMT
Via: 1.1 vegur

{
    "bookingid": 2759,
    "booking": {
        "firstname": "Nolan",
        "lastname": "Murray",
        "totalprice": 2,
        "depositpaid": true,
        "bookingdates": {
            "checkin": "2024-04-28",
            "checkout": "2024-05-17"
        },
        "additionalneeds": "Breakfast"
    }
}
HTTP/1.1 200 OK
Server: Cowboy
Report-To: {"group":"heroku-nel","max_age":3600,"endpoints":[{"url":"https://nel.heroku.com/reports?ts=1715690210&sid=c46efe9b-d3d2-4a0c-8c76-bfafa16c5add&s=YrkMrNqJdRUpr3OcsM2E15A5ryqmVfMqkG2h7ARI4Z4%3D"}]}
Reporting-Endpoints: heroku-nel=https://nel.heroku.com/reports?ts=1715690210&sid=c46efe9b-d3d2-4a0c-8c76-bfafa16c5add&s=YrkMrNqJdRUpr3OcsM2E15A5ryqmVfMqkG2h7ARI4Z4%3D
Nel: {"report_to":"heroku-nel","max_age":3600,"success_fraction":0.005,"failure_fraction":0.05,"response_headers":["Via"]}
Connection: keep-alive
X-Powered-By: Express
Content-Type: application/json; charset=utf-8
Content-Length: 198
Etag: W/"c6-YoxTCB2fHLNOgeo0TXdfaH29Dl4"
Date: Tue, 14 May 2024 12:36:50 GMT
Via: 1.1 vegur

{
    "bookingid": 2759,
    "booking": {
        "firstname": "Nolan",
        "lastname": "Murray",
        "totalprice": 2,
        "depositpaid": true,
        "bookingdates": {
            "checkin": "2024-04-28",
            "checkout": "2024-05-17"
        },
        "additionalneeds": "Breakfast"
    }
}
Request method:	POST
Request URI:	https://restful-booker.herokuapp.com/auth
Proxy:			<none>
Request params:	<none>
Query params:	<none>
Form params:	<none>
Path params:	<none>
Headers:		Accept=application/json
				Content-Type=application/json
Cookies:		<none>
Multiparts:		<none>
Body:
{
    "username": "admin",
    "password": "password123"
}
Request method:	POST
Request URI:	https://restful-booker.herokuapp.com/auth
Proxy:			<none>
Request params:	<none>
Query params:	<none>
Form params:	<none>
Path params:	<none>
Headers:		Accept=application/json
				Content-Type=application/json
Cookies:		<none>
Multiparts:		<none>
Body:
{
    "username": "admin",
    "password": "password123"
}
HTTP/1.1 200 OK
Server: Cowboy
Report-To: {"group":"heroku-nel","max_age":3600,"endpoints":[{"url":"https://nel.heroku.com/reports?ts=1715690210&sid=c46efe9b-d3d2-4a0c-8c76-bfafa16c5add&s=YrkMrNqJdRUpr3OcsM2E15A5ryqmVfMqkG2h7ARI4Z4%3D"}]}
Reporting-Endpoints: heroku-nel=https://nel.heroku.com/reports?ts=1715690210&sid=c46efe9b-d3d2-4a0c-8c76-bfafa16c5add&s=YrkMrNqJdRUpr3OcsM2E15A5ryqmVfMqkG2h7ARI4Z4%3D
Nel: {"report_to":"heroku-nel","max_age":3600,"success_fraction":0.005,"failure_fraction":0.05,"response_headers":["Via"]}
Connection: keep-alive
X-Powered-By: Express
Content-Type: application/json; charset=utf-8
Content-Length: 27
Etag: W/"1b-qMmL9l9F4BXl7xue2IVHgJ4vdiU"
Date: Tue, 14 May 2024 12:36:50 GMT
Via: 1.1 vegur

{
    "token": "ed7d57f6c941e20"
}
HTTP/1.1 200 OK
Server: Cowboy
Report-To: {"group":"heroku-nel","max_age":3600,"endpoints":[{"url":"https://nel.heroku.com/reports?ts=1715690210&sid=c46efe9b-d3d2-4a0c-8c76-bfafa16c5add&s=YrkMrNqJdRUpr3OcsM2E15A5ryqmVfMqkG2h7ARI4Z4%3D"}]}
Reporting-Endpoints: heroku-nel=https://nel.heroku.com/reports?ts=1715690210&sid=c46efe9b-d3d2-4a0c-8c76-bfafa16c5add&s=YrkMrNqJdRUpr3OcsM2E15A5ryqmVfMqkG2h7ARI4Z4%3D
Nel: {"report_to":"heroku-nel","max_age":3600,"success_fraction":0.005,"failure_fraction":0.05,"response_headers":["Via"]}
Connection: keep-alive
X-Powered-By: Express
Content-Type: application/json; charset=utf-8
Content-Length: 27
Etag: W/"1b-qMmL9l9F4BXl7xue2IVHgJ4vdiU"
Date: Tue, 14 May 2024 12:36:50 GMT
Via: 1.1 vegur

{
    "token": "ed7d57f6c941e20"
}
Request method:	GET
Request URI:	https://restful-booker.herokuapp.com/booking/2759
Proxy:			<none>
Request params:	<none>
Query params:	<none>
Form params:	<none>
Path params:	<none>
Headers:		Accept=application/json
				Content-Type=application/json
Cookies:		<none>
Multiparts:		<none>
Body:			<none>
Request method:	GET
Request URI:	https://restful-booker.herokuapp.com/booking/2759
Proxy:			<none>
Request params:	<none>
Query params:	<none>
Form params:	<none>
Path params:	<none>
Headers:		Accept=application/json
				Content-Type=application/json
Cookies:		<none>
Multiparts:		<none>
Body:			<none>
HTTP/1.1 200 OK
Server: Cowboy
Report-To: {"group":"heroku-nel","max_age":3600,"endpoints":[{"url":"https://nel.heroku.com/reports?ts=1715690211&sid=c46efe9b-d3d2-4a0c-8c76-bfafa16c5add&s=RcD3%2FuxLmbTdbtuij%2F%2FCK8BIK21Ch12DQd%2FidhqLYas%3D"}]}
Reporting-Endpoints: heroku-nel=https://nel.heroku.com/reports?ts=1715690211&sid=c46efe9b-d3d2-4a0c-8c76-bfafa16c5add&s=RcD3%2FuxLmbTdbtuij%2F%2FCK8BIK21Ch12DQd%2FidhqLYas%3D
Nel: {"report_to":"heroku-nel","max_age":3600,"success_fraction":0.005,"failure_fraction":0.05,"response_headers":["Via"]}
Connection: keep-alive
X-Powered-By: Express
Content-Type: application/json; charset=utf-8
Content-Length: 169
Etag: W/"a9-9jwRopHtT2P56Smo5cL3Jlt4PYQ"
Date: Tue, 14 May 2024 12:36:51 GMT
Via: 1.1 vegur

{
    "firstname": "Nolan",
    "lastname": "Murray",
    "totalprice": 2,
    "depositpaid": true,
    "bookingdates": {
        "checkin": "2024-04-28",
        "checkout": "2024-05-17"
    },
    "additionalneeds": "Breakfast"
}
HTTP/1.1 200 OK
Server: Cowboy
Report-To: {"group":"heroku-nel","max_age":3600,"endpoints":[{"url":"https://nel.heroku.com/reports?ts=1715690211&sid=c46efe9b-d3d2-4a0c-8c76-bfafa16c5add&s=RcD3%2FuxLmbTdbtuij%2F%2FCK8BIK21Ch12DQd%2FidhqLYas%3D"}]}
Reporting-Endpoints: heroku-nel=https://nel.heroku.com/reports?ts=1715690211&sid=c46efe9b-d3d2-4a0c-8c76-bfafa16c5add&s=RcD3%2FuxLmbTdbtuij%2F%2FCK8BIK21Ch12DQd%2FidhqLYas%3D
Nel: {"report_to":"heroku-nel","max_age":3600,"success_fraction":0.005,"failure_fraction":0.05,"response_headers":["Via"]}
Connection: keep-alive
X-Powered-By: Express
Content-Type: application/json; charset=utf-8
Content-Length: 169
Etag: W/"a9-9jwRopHtT2P56Smo5cL3Jlt4PYQ"
Date: Tue, 14 May 2024 12:36:51 GMT
Via: 1.1 vegur

{
    "firstname": "Nolan",
    "lastname": "Murray",
    "totalprice": 2,
    "depositpaid": true,
    "bookingdates": {
        "checkin": "2024-04-28",
        "checkout": "2024-05-17"
    },
    "additionalneeds": "Breakfast"
}
]]></system-out>
  </testcase>
  <testcase name="updatePartialBookingTest" classname="com.example.tests.RestfulBookerE2ETests" time="1.352">
    <system-out><![CDATA[Request method:	POST
Request URI:	https://restful-booker.herokuapp.com/booking
Proxy:			<none>
Request params:	<none>
Query params:	<none>
Form params:	<none>
Path params:	<none>
Headers:		Accept=application/json
				Content-Type=application/json
Cookies:		<none>
Multiparts:		<none>
Body:
{
    "firstname": "Gilberto",
    "lastname": "Connelly",
    "totalprice": 992,
    "depositpaid": true,
    "bookingdates": {
        "checkin": "2024-04-29",
        "checkout": "2024-05-17"
    },
    "additionalneeds": "Breakfast"
}
Request method:	POST
Request URI:	https://restful-booker.herokuapp.com/booking
Proxy:			<none>
Request params:	<none>
Query params:	<none>
Form params:	<none>
Path params:	<none>
Headers:		Accept=application/json
				Content-Type=application/json
Cookies:		<none>
Multiparts:		<none>
Body:
{
    "firstname": "Gilberto",
    "lastname": "Connelly",
    "totalprice": 992,
    "depositpaid": true,
    "bookingdates": {
        "checkin": "2024-04-29",
        "checkout": "2024-05-17"
    },
    "additionalneeds": "Breakfast"
}
Request method:	POST
Request URI:	https://restful-booker.herokuapp.com/booking
Proxy:			<none>
Request params:	<none>
Query params:	<none>
Form params:	<none>
Path params:	<none>
Headers:		Accept=application/json
				Content-Type=application/json
Cookies:		<none>
Multiparts:		<none>
Body:
{
    "firstname": "Gilberto",
    "lastname": "Connelly",
    "totalprice": 992,
    "depositpaid": true,
    "bookingdates": {
        "checkin": "2024-04-29",
        "checkout": "2024-05-17"
    },
    "additionalneeds": "Breakfast"
}
HTTP/1.1 200 OK
Server: Cowboy
Report-To: {"group":"heroku-nel","max_age":3600,"endpoints":[{"url":"https://nel.heroku.com/reports?ts=1715690211&sid=c46efe9b-d3d2-4a0c-8c76-bfafa16c5add&s=RcD3%2FuxLmbTdbtuij%2F%2FCK8BIK21Ch12DQd%2FidhqLYas%3D"}]}
Reporting-Endpoints: heroku-nel=https://nel.heroku.com/reports?ts=1715690211&sid=c46efe9b-d3d2-4a0c-8c76-bfafa16c5add&s=RcD3%2FuxLmbTdbtuij%2F%2FCK8BIK21Ch12DQd%2FidhqLYas%3D
Nel: {"report_to":"heroku-nel","max_age":3600,"success_fraction":0.005,"failure_fraction":0.05,"response_headers":["Via"]}
Connection: keep-alive
X-Powered-By: Express
Content-Type: application/json; charset=utf-8
Content-Length: 205
Etag: W/"cd-PkBAdtbyIAFJVkcifv5YiTYg60E"
Date: Tue, 14 May 2024 12:36:51 GMT
Via: 1.1 vegur

{
    "bookingid": 2770,
    "booking": {
        "firstname": "Gilberto",
        "lastname": "Connelly",
        "totalprice": 992,
        "depositpaid": true,
        "bookingdates": {
            "checkin": "2024-04-29",
            "checkout": "2024-05-17"
        },
        "additionalneeds": "Breakfast"
    }
}
HTTP/1.1 200 OK
Server: Cowboy
Report-To: {"group":"heroku-nel","max_age":3600,"endpoints":[{"url":"https://nel.heroku.com/reports?ts=1715690211&sid=c46efe9b-d3d2-4a0c-8c76-bfafa16c5add&s=RcD3%2FuxLmbTdbtuij%2F%2FCK8BIK21Ch12DQd%2FidhqLYas%3D"}]}
Reporting-Endpoints: heroku-nel=https://nel.heroku.com/reports?ts=1715690211&sid=c46efe9b-d3d2-4a0c-8c76-bfafa16c5add&s=RcD3%2FuxLmbTdbtuij%2F%2FCK8BIK21Ch12DQd%2FidhqLYas%3D
Nel: {"report_to":"heroku-nel","max_age":3600,"success_fraction":0.005,"failure_fraction":0.05,"response_headers":["Via"]}
Connection: keep-alive
X-Powered-By: Express
Content-Type: application/json; charset=utf-8
Content-Length: 205
Etag: W/"cd-PkBAdtbyIAFJVkcifv5YiTYg60E"
Date: Tue, 14 May 2024 12:36:51 GMT
Via: 1.1 vegur

{
    "bookingid": 2770,
    "booking": {
        "firstname": "Gilberto",
        "lastname": "Connelly",
        "totalprice": 992,
        "depositpaid": true,
        "bookingdates": {
            "checkin": "2024-04-29",
            "checkout": "2024-05-17"
        },
        "additionalneeds": "Breakfast"
    }
}
HTTP/1.1 200 OK
Server: Cowboy
Report-To: {"group":"heroku-nel","max_age":3600,"endpoints":[{"url":"https://nel.heroku.com/reports?ts=1715690211&sid=c46efe9b-d3d2-4a0c-8c76-bfafa16c5add&s=RcD3%2FuxLmbTdbtuij%2F%2FCK8BIK21Ch12DQd%2FidhqLYas%3D"}]}
Reporting-Endpoints: heroku-nel=https://nel.heroku.com/reports?ts=1715690211&sid=c46efe9b-d3d2-4a0c-8c76-bfafa16c5add&s=RcD3%2FuxLmbTdbtuij%2F%2FCK8BIK21Ch12DQd%2FidhqLYas%3D
Nel: {"report_to":"heroku-nel","max_age":3600,"success_fraction":0.005,"failure_fraction":0.05,"response_headers":["Via"]}
Connection: keep-alive
X-Powered-By: Express
Content-Type: application/json; charset=utf-8
Content-Length: 205
Etag: W/"cd-PkBAdtbyIAFJVkcifv5YiTYg60E"
Date: Tue, 14 May 2024 12:36:51 GMT
Via: 1.1 vegur

{
    "bookingid": 2770,
    "booking": {
        "firstname": "Gilberto",
        "lastname": "Connelly",
        "totalprice": 992,
        "depositpaid": true,
        "bookingdates": {
            "checkin": "2024-04-29",
            "checkout": "2024-05-17"
        },
        "additionalneeds": "Breakfast"
    }
}
Request method:	POST
Request URI:	https://restful-booker.herokuapp.com/auth
Proxy:			<none>
Request params:	<none>
Query params:	<none>
Form params:	<none>
Path params:	<none>
Headers:		Accept=application/json
				Content-Type=application/json
Cookies:		<none>
Multiparts:		<none>
Body:
{
    "username": "admin",
    "password": "password123"
}
Request method:	POST
Request URI:	https://restful-booker.herokuapp.com/auth
Proxy:			<none>
Request params:	<none>
Query params:	<none>
Form params:	<none>
Path params:	<none>
Headers:		Accept=application/json
				Content-Type=application/json
Cookies:		<none>
Multiparts:		<none>
Body:
{
    "username": "admin",
    "password": "password123"
}
Request method:	POST
Request URI:	https://restful-booker.herokuapp.com/auth
Proxy:			<none>
Request params:	<none>
Query params:	<none>
Form params:	<none>
Path params:	<none>
Headers:		Accept=application/json
				Content-Type=application/json
Cookies:		<none>
Multiparts:		<none>
Body:
{
    "username": "admin",
    "password": "password123"
}
HTTP/1.1 200 OK
Server: Cowboy
Report-To: {"group":"heroku-nel","max_age":3600,"endpoints":[{"url":"https://nel.heroku.com/reports?ts=1715690211&sid=c46efe9b-d3d2-4a0c-8c76-bfafa16c5add&s=RcD3%2FuxLmbTdbtuij%2F%2FCK8BIK21Ch12DQd%2FidhqLYas%3D"}]}
Reporting-Endpoints: heroku-nel=https://nel.heroku.com/reports?ts=1715690211&sid=c46efe9b-d3d2-4a0c-8c76-bfafa16c5add&s=RcD3%2FuxLmbTdbtuij%2F%2FCK8BIK21Ch12DQd%2FidhqLYas%3D
Nel: {"report_to":"heroku-nel","max_age":3600,"success_fraction":0.005,"failure_fraction":0.05,"response_headers":["Via"]}
Connection: keep-alive
X-Powered-By: Express
Content-Type: application/json; charset=utf-8
Content-Length: 27
Etag: W/"1b-6CSY6/b3TFgK175JKUN2CTFoIv0"
Date: Tue, 14 May 2024 12:36:51 GMT
Via: 1.1 vegur

{
    "token": "0f1abb1922af9cd"
}
HTTP/1.1 200 OK
Server: Cowboy
Report-To: {"group":"heroku-nel","max_age":3600,"endpoints":[{"url":"https://nel.heroku.com/reports?ts=1715690211&sid=c46efe9b-d3d2-4a0c-8c76-bfafa16c5add&s=RcD3%2FuxLmbTdbtuij%2F%2FCK8BIK21Ch12DQd%2FidhqLYas%3D"}]}
Reporting-Endpoints: heroku-nel=https://nel.heroku.com/reports?ts=1715690211&sid=c46efe9b-d3d2-4a0c-8c76-bfafa16c5add&s=RcD3%2FuxLmbTdbtuij%2F%2FCK8BIK21Ch12DQd%2FidhqLYas%3D
Nel: {"report_to":"heroku-nel","max_age":3600,"success_fraction":0.005,"failure_fraction":0.05,"response_headers":["Via"]}
Connection: keep-alive
X-Powered-By: Express
Content-Type: application/json; charset=utf-8
Content-Length: 27
Etag: W/"1b-6CSY6/b3TFgK175JKUN2CTFoIv0"
Date: Tue, 14 May 2024 12:36:51 GMT
Via: 1.1 vegur

{
    "token": "0f1abb1922af9cd"
}
HTTP/1.1 200 OK
Server: Cowboy
Report-To: {"group":"heroku-nel","max_age":3600,"endpoints":[{"url":"https://nel.heroku.com/reports?ts=1715690211&sid=c46efe9b-d3d2-4a0c-8c76-bfafa16c5add&s=RcD3%2FuxLmbTdbtuij%2F%2FCK8BIK21Ch12DQd%2FidhqLYas%3D"}]}
Reporting-Endpoints: heroku-nel=https://nel.heroku.com/reports?ts=1715690211&sid=c46efe9b-d3d2-4a0c-8c76-bfafa16c5add&s=RcD3%2FuxLmbTdbtuij%2F%2FCK8BIK21Ch12DQd%2FidhqLYas%3D
Nel: {"report_to":"heroku-nel","max_age":3600,"success_fraction":0.005,"failure_fraction":0.05,"response_headers":["Via"]}
Connection: keep-alive
X-Powered-By: Express
Content-Type: application/json; charset=utf-8
Content-Length: 27
Etag: W/"1b-6CSY6/b3TFgK175JKUN2CTFoIv0"
Date: Tue, 14 May 2024 12:36:51 GMT
Via: 1.1 vegur

{
    "token": "0f1abb1922af9cd"
}
Request method:	PATCH
Request URI:	https://restful-booker.herokuapp.com/booking/2770
Proxy:			<none>
Request params:	<none>
Query params:	<none>
Form params:	<none>
Path params:	<none>
Headers:		Accept=application/json
				Cookie=token=0f1abb1922af9cd
				Content-Type=application/json
Cookies:		<none>
Multiparts:		<none>
Body:
{
    "firstname": "Jessica",
    "totalprice": 232
}
Request method:	PATCH
Request URI:	https://restful-booker.herokuapp.com/booking/2770
Proxy:			<none>
Request params:	<none>
Query params:	<none>
Form params:	<none>
Path params:	<none>
Headers:		Accept=application/json
				Cookie=token=0f1abb1922af9cd
				Content-Type=application/json
Cookies:		<none>
Multiparts:		<none>
Body:
{
    "firstname": "Jessica",
    "totalprice": 232
}
Request method:	PATCH
Request URI:	https://restful-booker.herokuapp.com/booking/2770
Proxy:			<none>
Request params:	<none>
Query params:	<none>
Form params:	<none>
Path params:	<none>
Headers:		Accept=application/json
				Cookie=token=0f1abb1922af9cd
				Content-Type=application/json
Cookies:		<none>
Multiparts:		<none>
Body:
{
    "firstname": "Jessica",
    "totalprice": 232
}
HTTP/1.1 200 OK
Server: Cowboy
Report-To: {"group":"heroku-nel","max_age":3600,"endpoints":[{"url":"https://nel.heroku.com/reports?ts=1715690212&sid=c46efe9b-d3d2-4a0c-8c76-bfafa16c5add&s=kqctjiFbaB1iJvdBk5ZHjqegfcjNQ5v2lnf0iA0Ijik%3D"}]}
Reporting-Endpoints: heroku-nel=https://nel.heroku.com/reports?ts=1715690212&sid=c46efe9b-d3d2-4a0c-8c76-bfafa16c5add&s=kqctjiFbaB1iJvdBk5ZHjqegfcjNQ5v2lnf0iA0Ijik%3D
Nel: {"report_to":"heroku-nel","max_age":3600,"success_fraction":0.005,"failure_fraction":0.05,"response_headers":["Via"]}
Connection: keep-alive
X-Powered-By: Express
Content-Type: application/json; charset=utf-8
Content-Length: 175
Etag: W/"af-LukuzOK/JLC4Kf7JkG40F1U6rCA"
Date: Tue, 14 May 2024 12:36:52 GMT
Via: 1.1 vegur

{
    "firstname": "Jessica",
    "lastname": "Connelly",
    "totalprice": 232,
    "depositpaid": true,
    "bookingdates": {
        "checkin": "2024-04-29",
        "checkout": "2024-05-17"
    },
    "additionalneeds": "Breakfast"
}
HTTP/1.1 200 OK
Server: Cowboy
Report-To: {"group":"heroku-nel","max_age":3600,"endpoints":[{"url":"https://nel.heroku.com/reports?ts=1715690212&sid=c46efe9b-d3d2-4a0c-8c76-bfafa16c5add&s=kqctjiFbaB1iJvdBk5ZHjqegfcjNQ5v2lnf0iA0Ijik%3D"}]}
Reporting-Endpoints: heroku-nel=https://nel.heroku.com/reports?ts=1715690212&sid=c46efe9b-d3d2-4a0c-8c76-bfafa16c5add&s=kqctjiFbaB1iJvdBk5ZHjqegfcjNQ5v2lnf0iA0Ijik%3D
Nel: {"report_to":"heroku-nel","max_age":3600,"success_fraction":0.005,"failure_fraction":0.05,"response_headers":["Via"]}
Connection: keep-alive
X-Powered-By: Express
Content-Type: application/json; charset=utf-8
Content-Length: 175
Etag: W/"af-LukuzOK/JLC4Kf7JkG40F1U6rCA"
Date: Tue, 14 May 2024 12:36:52 GMT
Via: 1.1 vegur

{
    "firstname": "Jessica",
    "lastname": "Connelly",
    "totalprice": 232,
    "depositpaid": true,
    "bookingdates": {
        "checkin": "2024-04-29",
        "checkout": "2024-05-17"
    },
    "additionalneeds": "Breakfast"
}
HTTP/1.1 200 OK
Server: Cowboy
Report-To: {"group":"heroku-nel","max_age":3600,"endpoints":[{"url":"https://nel.heroku.com/reports?ts=1715690212&sid=c46efe9b-d3d2-4a0c-8c76-bfafa16c5add&s=kqctjiFbaB1iJvdBk5ZHjqegfcjNQ5v2lnf0iA0Ijik%3D"}]}
Reporting-Endpoints: heroku-nel=https://nel.heroku.com/reports?ts=1715690212&sid=c46efe9b-d3d2-4a0c-8c76-bfafa16c5add&s=kqctjiFbaB1iJvdBk5ZHjqegfcjNQ5v2lnf0iA0Ijik%3D
Nel: {"report_to":"heroku-nel","max_age":3600,"success_fraction":0.005,"failure_fraction":0.05,"response_headers":["Via"]}
Connection: keep-alive
X-Powered-By: Express
Content-Type: application/json; charset=utf-8
Content-Length: 175
Etag: W/"af-LukuzOK/JLC4Kf7JkG40F1U6rCA"
Date: Tue, 14 May 2024 12:36:52 GMT
Via: 1.1 vegur

{
    "firstname": "Jessica",
    "lastname": "Connelly",
    "totalprice": 232,
    "depositpaid": true,
    "bookingdates": {
        "checkin": "2024-04-29",
        "checkout": "2024-05-17"
    },
    "additionalneeds": "Breakfast"
}
]]></system-out>
  </testcase>
  <testcase name="deleteBookingTest" classname="com.example.tests.RestfulBookerE2ETests" time="1.757">
    <system-out><![CDATA[Request method:	POST
Request URI:	https://restful-booker.herokuapp.com/booking
Proxy:			<none>
Request params:	<none>
Query params:	<none>
Form params:	<none>
Path params:	<none>
Headers:		Accept=application/json
				Content-Type=application/json
Cookies:		<none>
Multiparts:		<none>
Body:
{
    "firstname": "Deidra",
    "lastname": "Lubowitz",
    "totalprice": 1703,
    "depositpaid": true,
    "bookingdates": {
        "checkin": "2024-05-09",
        "checkout": "2024-05-19"
    },
    "additionalneeds": "Breakfast"
}
Request method:	POST
Request URI:	https://restful-booker.herokuapp.com/booking
Proxy:			<none>
Request params:	<none>
Query params:	<none>
Form params:	<none>
Path params:	<none>
Headers:		Accept=application/json
				Content-Type=application/json
Cookies:		<none>
Multiparts:		<none>
Body:
{
    "firstname": "Deidra",
    "lastname": "Lubowitz",
    "totalprice": 1703,
    "depositpaid": true,
    "bookingdates": {
        "checkin": "2024-05-09",
        "checkout": "2024-05-19"
    },
    "additionalneeds": "Breakfast"
}
Request method:	POST
Request URI:	https://restful-booker.herokuapp.com/booking
Proxy:			<none>
Request params:	<none>
Query params:	<none>
Form params:	<none>
Path params:	<none>
Headers:		Accept=application/json
				Content-Type=application/json
Cookies:		<none>
Multiparts:		<none>
Body:
{
    "firstname": "Deidra",
    "lastname": "Lubowitz",
    "totalprice": 1703,
    "depositpaid": true,
    "bookingdates": {
        "checkin": "2024-05-09",
        "checkout": "2024-05-19"
    },
    "additionalneeds": "Breakfast"
}
Request method:	POST
Request URI:	https://restful-booker.herokuapp.com/booking
Proxy:			<none>
Request params:	<none>
Query params:	<none>
Form params:	<none>
Path params:	<none>
Headers:		Accept=application/json
				Content-Type=application/json
Cookies:		<none>
Multiparts:		<none>
Body:
{
    "firstname": "Deidra",
    "lastname": "Lubowitz",
    "totalprice": 1703,
    "depositpaid": true,
    "bookingdates": {
        "checkin": "2024-05-09",
        "checkout": "2024-05-19"
    },
    "additionalneeds": "Breakfast"
}
HTTP/1.1 200 OK
Server: Cowboy
Report-To: {"group":"heroku-nel","max_age":3600,"endpoints":[{"url":"https://nel.heroku.com/reports?ts=1715690212&sid=c46efe9b-d3d2-4a0c-8c76-bfafa16c5add&s=kqctjiFbaB1iJvdBk5ZHjqegfcjNQ5v2lnf0iA0Ijik%3D"}]}
Reporting-Endpoints: heroku-nel=https://nel.heroku.com/reports?ts=1715690212&sid=c46efe9b-d3d2-4a0c-8c76-bfafa16c5add&s=kqctjiFbaB1iJvdBk5ZHjqegfcjNQ5v2lnf0iA0Ijik%3D
Nel: {"report_to":"heroku-nel","max_age":3600,"success_fraction":0.005,"failure_fraction":0.05,"response_headers":["Via"]}
Connection: keep-alive
X-Powered-By: Express
Content-Type: application/json; charset=utf-8
Content-Length: 204
Etag: W/"cc-V6HkqfPX+pWvR9DRhUccqq0yOpE"
Date: Tue, 14 May 2024 12:36:52 GMT
Via: 1.1 vegur

{
    "bookingid": 2779,
    "booking": {
        "firstname": "Deidra",
        "lastname": "Lubowitz",
        "totalprice": 1703,
        "depositpaid": true,
        "bookingdates": {
            "checkin": "2024-05-09",
            "checkout": "2024-05-19"
        },
        "additionalneeds": "Breakfast"
    }
}
HTTP/1.1 200 OK
Server: Cowboy
Report-To: {"group":"heroku-nel","max_age":3600,"endpoints":[{"url":"https://nel.heroku.com/reports?ts=1715690212&sid=c46efe9b-d3d2-4a0c-8c76-bfafa16c5add&s=kqctjiFbaB1iJvdBk5ZHjqegfcjNQ5v2lnf0iA0Ijik%3D"}]}
Reporting-Endpoints: heroku-nel=https://nel.heroku.com/reports?ts=1715690212&sid=c46efe9b-d3d2-4a0c-8c76-bfafa16c5add&s=kqctjiFbaB1iJvdBk5ZHjqegfcjNQ5v2lnf0iA0Ijik%3D
Nel: {"report_to":"heroku-nel","max_age":3600,"success_fraction":0.005,"failure_fraction":0.05,"response_headers":["Via"]}
Connection: keep-alive
X-Powered-By: Express
Content-Type: application/json; charset=utf-8
Content-Length: 204
Etag: W/"cc-V6HkqfPX+pWvR9DRhUccqq0yOpE"
Date: Tue, 14 May 2024 12:36:52 GMT
Via: 1.1 vegur

{
    "bookingid": 2779,
    "booking": {
        "firstname": "Deidra",
        "lastname": "Lubowitz",
        "totalprice": 1703,
        "depositpaid": true,
        "bookingdates": {
            "checkin": "2024-05-09",
            "checkout": "2024-05-19"
        },
        "additionalneeds": "Breakfast"
    }
}
HTTP/1.1 200 OK
Server: Cowboy
Report-To: {"group":"heroku-nel","max_age":3600,"endpoints":[{"url":"https://nel.heroku.com/reports?ts=1715690212&sid=c46efe9b-d3d2-4a0c-8c76-bfafa16c5add&s=kqctjiFbaB1iJvdBk5ZHjqegfcjNQ5v2lnf0iA0Ijik%3D"}]}
Reporting-Endpoints: heroku-nel=https://nel.heroku.com/reports?ts=1715690212&sid=c46efe9b-d3d2-4a0c-8c76-bfafa16c5add&s=kqctjiFbaB1iJvdBk5ZHjqegfcjNQ5v2lnf0iA0Ijik%3D
Nel: {"report_to":"heroku-nel","max_age":3600,"success_fraction":0.005,"failure_fraction":0.05,"response_headers":["Via"]}
Connection: keep-alive
X-Powered-By: Express
Content-Type: application/json; charset=utf-8
Content-Length: 204
Etag: W/"cc-V6HkqfPX+pWvR9DRhUccqq0yOpE"
Date: Tue, 14 May 2024 12:36:52 GMT
Via: 1.1 vegur

{
    "bookingid": 2779,
    "booking": {
        "firstname": "Deidra",
        "lastname": "Lubowitz",
        "totalprice": 1703,
        "depositpaid": true,
        "bookingdates": {
            "checkin": "2024-05-09",
            "checkout": "2024-05-19"
        },
        "additionalneeds": "Breakfast"
    }
}
HTTP/1.1 200 OK
Server: Cowboy
Report-To: {"group":"heroku-nel","max_age":3600,"endpoints":[{"url":"https://nel.heroku.com/reports?ts=1715690212&sid=c46efe9b-d3d2-4a0c-8c76-bfafa16c5add&s=kqctjiFbaB1iJvdBk5ZHjqegfcjNQ5v2lnf0iA0Ijik%3D"}]}
Reporting-Endpoints: heroku-nel=https://nel.heroku.com/reports?ts=1715690212&sid=c46efe9b-d3d2-4a0c-8c76-bfafa16c5add&s=kqctjiFbaB1iJvdBk5ZHjqegfcjNQ5v2lnf0iA0Ijik%3D
Nel: {"report_to":"heroku-nel","max_age":3600,"success_fraction":0.005,"failure_fraction":0.05,"response_headers":["Via"]}
Connection: keep-alive
X-Powered-By: Express
Content-Type: application/json; charset=utf-8
Content-Length: 204
Etag: W/"cc-V6HkqfPX+pWvR9DRhUccqq0yOpE"
Date: Tue, 14 May 2024 12:36:52 GMT
Via: 1.1 vegur

{
    "bookingid": 2779,
    "booking": {
        "firstname": "Deidra",
        "lastname": "Lubowitz",
        "totalprice": 1703,
        "depositpaid": true,
        "bookingdates": {
            "checkin": "2024-05-09",
            "checkout": "2024-05-19"
        },
        "additionalneeds": "Breakfast"
    }
}
Request method:	POST
Request URI:	https://restful-booker.herokuapp.com/auth
Proxy:			<none>
Request params:	<none>
Query params:	<none>
Form params:	<none>
Path params:	<none>
Headers:		Accept=application/json
				Content-Type=application/json
Cookies:		<none>
Multiparts:		<none>
Body:
{
    "username": "admin",
    "password": "password123"
}
Request method:	POST
Request URI:	https://restful-booker.herokuapp.com/auth
Proxy:			<none>
Request params:	<none>
Query params:	<none>
Form params:	<none>
Path params:	<none>
Headers:		Accept=application/json
				Content-Type=application/json
Cookies:		<none>
Multiparts:		<none>
Body:
{
    "username": "admin",
    "password": "password123"
}
Request method:	POST
Request URI:	https://restful-booker.herokuapp.com/auth
Proxy:			<none>
Request params:	<none>
Query params:	<none>
Form params:	<none>
Path params:	<none>
Headers:		Accept=application/json
				Content-Type=application/json
Cookies:		<none>
Multiparts:		<none>
Body:
{
    "username": "admin",
    "password": "password123"
}
Request method:	POST
Request URI:	https://restful-booker.herokuapp.com/auth
Proxy:			<none>
Request params:	<none>
Query params:	<none>
Form params:	<none>
Path params:	<none>
Headers:		Accept=application/json
				Content-Type=application/json
Cookies:		<none>
Multiparts:		<none>
Body:
{
    "username": "admin",
    "password": "password123"
}
HTTP/1.1 200 OK
Server: Cowboy
Report-To: {"group":"heroku-nel","max_age":3600,"endpoints":[{"url":"https://nel.heroku.com/reports?ts=1715690213&sid=c46efe9b-d3d2-4a0c-8c76-bfafa16c5add&s=OKChp69A2CNfWkhc8ql8w%2B3gnHzT4PkXBCAQ4sdjVOk%3D"}]}
Reporting-Endpoints: heroku-nel=https://nel.heroku.com/reports?ts=1715690213&sid=c46efe9b-d3d2-4a0c-8c76-bfafa16c5add&s=OKChp69A2CNfWkhc8ql8w%2B3gnHzT4PkXBCAQ4sdjVOk%3D
Nel: {"report_to":"heroku-nel","max_age":3600,"success_fraction":0.005,"failure_fraction":0.05,"response_headers":["Via"]}
Connection: keep-alive
X-Powered-By: Express
Content-Type: application/json; charset=utf-8
Content-Length: 27
Etag: W/"1b-FBLHfv2/oxEgIx3N89RMpNAV/lg"
Date: Tue, 14 May 2024 12:36:53 GMT
Via: 1.1 vegur

{
    "token": "57a9d5f82e1ee86"
}
HTTP/1.1 200 OK
Server: Cowboy
Report-To: {"group":"heroku-nel","max_age":3600,"endpoints":[{"url":"https://nel.heroku.com/reports?ts=1715690213&sid=c46efe9b-d3d2-4a0c-8c76-bfafa16c5add&s=OKChp69A2CNfWkhc8ql8w%2B3gnHzT4PkXBCAQ4sdjVOk%3D"}]}
Reporting-Endpoints: heroku-nel=https://nel.heroku.com/reports?ts=1715690213&sid=c46efe9b-d3d2-4a0c-8c76-bfafa16c5add&s=OKChp69A2CNfWkhc8ql8w%2B3gnHzT4PkXBCAQ4sdjVOk%3D
Nel: {"report_to":"heroku-nel","max_age":3600,"success_fraction":0.005,"failure_fraction":0.05,"response_headers":["Via"]}
Connection: keep-alive
X-Powered-By: Express
Content-Type: application/json; charset=utf-8
Content-Length: 27
Etag: W/"1b-FBLHfv2/oxEgIx3N89RMpNAV/lg"
Date: Tue, 14 May 2024 12:36:53 GMT
Via: 1.1 vegur

{
    "token": "57a9d5f82e1ee86"
}
HTTP/1.1 200 OK
Server: Cowboy
Report-To: {"group":"heroku-nel","max_age":3600,"endpoints":[{"url":"https://nel.heroku.com/reports?ts=1715690213&sid=c46efe9b-d3d2-4a0c-8c76-bfafa16c5add&s=OKChp69A2CNfWkhc8ql8w%2B3gnHzT4PkXBCAQ4sdjVOk%3D"}]}
Reporting-Endpoints: heroku-nel=https://nel.heroku.com/reports?ts=1715690213&sid=c46efe9b-d3d2-4a0c-8c76-bfafa16c5add&s=OKChp69A2CNfWkhc8ql8w%2B3gnHzT4PkXBCAQ4sdjVOk%3D
Nel: {"report_to":"heroku-nel","max_age":3600,"success_fraction":0.005,"failure_fraction":0.05,"response_headers":["Via"]}
Connection: keep-alive
X-Powered-By: Express
Content-Type: application/json; charset=utf-8
Content-Length: 27
Etag: W/"1b-FBLHfv2/oxEgIx3N89RMpNAV/lg"
Date: Tue, 14 May 2024 12:36:53 GMT
Via: 1.1 vegur

{
    "token": "57a9d5f82e1ee86"
}
HTTP/1.1 200 OK
Server: Cowboy
Report-To: {"group":"heroku-nel","max_age":3600,"endpoints":[{"url":"https://nel.heroku.com/reports?ts=1715690213&sid=c46efe9b-d3d2-4a0c-8c76-bfafa16c5add&s=OKChp69A2CNfWkhc8ql8w%2B3gnHzT4PkXBCAQ4sdjVOk%3D"}]}
Reporting-Endpoints: heroku-nel=https://nel.heroku.com/reports?ts=1715690213&sid=c46efe9b-d3d2-4a0c-8c76-bfafa16c5add&s=OKChp69A2CNfWkhc8ql8w%2B3gnHzT4PkXBCAQ4sdjVOk%3D
Nel: {"report_to":"heroku-nel","max_age":3600,"success_fraction":0.005,"failure_fraction":0.05,"response_headers":["Via"]}
Connection: keep-alive
X-Powered-By: Express
Content-Type: application/json; charset=utf-8
Content-Length: 27
Etag: W/"1b-FBLHfv2/oxEgIx3N89RMpNAV/lg"
Date: Tue, 14 May 2024 12:36:53 GMT
Via: 1.1 vegur

{
    "token": "57a9d5f82e1ee86"
}
Request method:	DELETE
Request URI:	https://restful-booker.herokuapp.com/booking/2779
Proxy:			<none>
Request params:	<none>
Query params:	<none>
Form params:	<none>
Path params:	<none>
Headers:		Accept=application/json
				Cookie=token=57a9d5f82e1ee86
				Content-Type=application/json
Cookies:		<none>
Multiparts:		<none>
Body:			<none>
Request method:	DELETE
Request URI:	https://restful-booker.herokuapp.com/booking/2779
Proxy:			<none>
Request params:	<none>
Query params:	<none>
Form params:	<none>
Path params:	<none>
Headers:		Accept=application/json
				Cookie=token=57a9d5f82e1ee86
				Content-Type=application/json
Cookies:		<none>
Multiparts:		<none>
Body:			<none>
Request method:	DELETE
Request URI:	https://restful-booker.herokuapp.com/booking/2779
Proxy:			<none>
Request params:	<none>
Query params:	<none>
Form params:	<none>
Path params:	<none>
Headers:		Accept=application/json
				Cookie=token=57a9d5f82e1ee86
				Content-Type=application/json
Cookies:		<none>
Multiparts:		<none>
Body:			<none>
Request method:	DELETE
Request URI:	https://restful-booker.herokuapp.com/booking/2779
Proxy:			<none>
Request params:	<none>
Query params:	<none>
Form params:	<none>
Path params:	<none>
Headers:		Accept=application/json
				Cookie=token=57a9d5f82e1ee86
				Content-Type=application/json
Cookies:		<none>
Multiparts:		<none>
Body:			<none>
HTTP/1.1 201 Created
Server: Cowboy
Report-To: {"group":"heroku-nel","max_age":3600,"endpoints":[{"url":"https://nel.heroku.com/reports?ts=1715690213&sid=c46efe9b-d3d2-4a0c-8c76-bfafa16c5add&s=OKChp69A2CNfWkhc8ql8w%2B3gnHzT4PkXBCAQ4sdjVOk%3D"}]}
Reporting-Endpoints: heroku-nel=https://nel.heroku.com/reports?ts=1715690213&sid=c46efe9b-d3d2-4a0c-8c76-bfafa16c5add&s=OKChp69A2CNfWkhc8ql8w%2B3gnHzT4PkXBCAQ4sdjVOk%3D
Nel: {"report_to":"heroku-nel","max_age":3600,"success_fraction":0.005,"failure_fraction":0.05,"response_headers":["Via"]}
Connection: keep-alive
X-Powered-By: Express
Content-Type: text/plain; charset=utf-8
Content-Length: 7
Etag: W/"7-rM9AyJuqT6iOan/xHh+AW+7K/T8"
Date: Tue, 14 May 2024 12:36:53 GMT
Via: 1.1 vegur

Created
HTTP/1.1 201 Created
Server: Cowboy
Report-To: {"group":"heroku-nel","max_age":3600,"endpoints":[{"url":"https://nel.heroku.com/reports?ts=1715690213&sid=c46efe9b-d3d2-4a0c-8c76-bfafa16c5add&s=OKChp69A2CNfWkhc8ql8w%2B3gnHzT4PkXBCAQ4sdjVOk%3D"}]}
Reporting-Endpoints: heroku-nel=https://nel.heroku.com/reports?ts=1715690213&sid=c46efe9b-d3d2-4a0c-8c76-bfafa16c5add&s=OKChp69A2CNfWkhc8ql8w%2B3gnHzT4PkXBCAQ4sdjVOk%3D
Nel: {"report_to":"heroku-nel","max_age":3600,"success_fraction":0.005,"failure_fraction":0.05,"response_headers":["Via"]}
Connection: keep-alive
X-Powered-By: Express
Content-Type: text/plain; charset=utf-8
Content-Length: 7
Etag: W/"7-rM9AyJuqT6iOan/xHh+AW+7K/T8"
Date: Tue, 14 May 2024 12:36:53 GMT
Via: 1.1 vegur

Created
HTTP/1.1 201 Created
Server: Cowboy
Report-To: {"group":"heroku-nel","max_age":3600,"endpoints":[{"url":"https://nel.heroku.com/reports?ts=1715690213&sid=c46efe9b-d3d2-4a0c-8c76-bfafa16c5add&s=OKChp69A2CNfWkhc8ql8w%2B3gnHzT4PkXBCAQ4sdjVOk%3D"}]}
Reporting-Endpoints: heroku-nel=https://nel.heroku.com/reports?ts=1715690213&sid=c46efe9b-d3d2-4a0c-8c76-bfafa16c5add&s=OKChp69A2CNfWkhc8ql8w%2B3gnHzT4PkXBCAQ4sdjVOk%3D
Nel: {"report_to":"heroku-nel","max_age":3600,"success_fraction":0.005,"failure_fraction":0.05,"response_headers":["Via"]}
Connection: keep-alive
X-Powered-By: Express
Content-Type: text/plain; charset=utf-8
Content-Length: 7
Etag: W/"7-rM9AyJuqT6iOan/xHh+AW+7K/T8"
Date: Tue, 14 May 2024 12:36:53 GMT
Via: 1.1 vegur

Created
HTTP/1.1 201 Created
Server: Cowboy
Report-To: {"group":"heroku-nel","max_age":3600,"endpoints":[{"url":"https://nel.heroku.com/reports?ts=1715690213&sid=c46efe9b-d3d2-4a0c-8c76-bfafa16c5add&s=OKChp69A2CNfWkhc8ql8w%2B3gnHzT4PkXBCAQ4sdjVOk%3D"}]}
Reporting-Endpoints: heroku-nel=https://nel.heroku.com/reports?ts=1715690213&sid=c46efe9b-d3d2-4a0c-8c76-bfafa16c5add&s=OKChp69A2CNfWkhc8ql8w%2B3gnHzT4PkXBCAQ4sdjVOk%3D
Nel: {"report_to":"heroku-nel","max_age":3600,"success_fraction":0.005,"failure_fraction":0.05,"response_headers":["Via"]}
Connection: keep-alive
X-Powered-By: Express
Content-Type: text/plain; charset=utf-8
Content-Length: 7
Etag: W/"7-rM9AyJuqT6iOan/xHh+AW+7K/T8"
Date: Tue, 14 May 2024 12:36:53 GMT
Via: 1.1 vegur

Created
Request method:	GET
Request URI:	https://restful-booker.herokuapp.com/booking/2779
Proxy:			<none>
Request params:	<none>
Query params:	<none>
Form params:	<none>
Path params:	<none>
Headers:		Accept=application/json
				Content-Type=application/json
Cookies:		<none>
Multiparts:		<none>
Body:			<none>
Request method:	GET
Request URI:	https://restful-booker.herokuapp.com/booking/2779
Proxy:			<none>
Request params:	<none>
Query params:	<none>
Form params:	<none>
Path params:	<none>
Headers:		Accept=application/json
				Content-Type=application/json
Cookies:		<none>
Multiparts:		<none>
Body:			<none>
Request method:	GET
Request URI:	https://restful-booker.herokuapp.com/booking/2779
Proxy:			<none>
Request params:	<none>
Query params:	<none>
Form params:	<none>
Path params:	<none>
Headers:		Accept=application/json
				Content-Type=application/json
Cookies:		<none>
Multiparts:		<none>
Body:			<none>
Request method:	GET
Request URI:	https://restful-booker.herokuapp.com/booking/2779
Proxy:			<none>
Request params:	<none>
Query params:	<none>
Form params:	<none>
Path params:	<none>
Headers:		Accept=application/json
				Content-Type=application/json
Cookies:		<none>
Multiparts:		<none>
Body:			<none>
HTTP/1.1 404 Not Found
Server: Cowboy
Report-To: {"group":"heroku-nel","max_age":3600,"endpoints":[{"url":"https://nel.heroku.com/reports?ts=1715690214&sid=c46efe9b-d3d2-4a0c-8c76-bfafa16c5add&s=Lh%2BXMyKCxu0dGnbhwv0KxW5A0KG5IJ9wvdSnpnZo718%3D"}]}
Reporting-Endpoints: heroku-nel=https://nel.heroku.com/reports?ts=1715690214&sid=c46efe9b-d3d2-4a0c-8c76-bfafa16c5add&s=Lh%2BXMyKCxu0dGnbhwv0KxW5A0KG5IJ9wvdSnpnZo718%3D
Nel: {"report_to":"heroku-nel","max_age":3600,"success_fraction":0.005,"failure_fraction":0.05,"response_headers":["Via"]}
Connection: keep-alive
X-Powered-By: Express
Content-Type: text/plain; charset=utf-8
Content-Length: 9
Etag: W/"9-0gXL1ngzMqISxa6S1zx3F4wtLyg"
Date: Tue, 14 May 2024 12:36:54 GMT
Via: 1.1 vegur

Not Found
HTTP/1.1 404 Not Found
Server: Cowboy
Report-To: {"group":"heroku-nel","max_age":3600,"endpoints":[{"url":"https://nel.heroku.com/reports?ts=1715690214&sid=c46efe9b-d3d2-4a0c-8c76-bfafa16c5add&s=Lh%2BXMyKCxu0dGnbhwv0KxW5A0KG5IJ9wvdSnpnZo718%3D"}]}
Reporting-Endpoints: heroku-nel=https://nel.heroku.com/reports?ts=1715690214&sid=c46efe9b-d3d2-4a0c-8c76-bfafa16c5add&s=Lh%2BXMyKCxu0dGnbhwv0KxW5A0KG5IJ9wvdSnpnZo718%3D
Nel: {"report_to":"heroku-nel","max_age":3600,"success_fraction":0.005,"failure_fraction":0.05,"response_headers":["Via"]}
Connection: keep-alive
X-Powered-By: Express
Content-Type: text/plain; charset=utf-8
Content-Length: 9
Etag: W/"9-0gXL1ngzMqISxa6S1zx3F4wtLyg"
Date: Tue, 14 May 2024 12:36:54 GMT
Via: 1.1 vegur

Not Found
HTTP/1.1 404 Not Found
Server: Cowboy
Report-To: {"group":"heroku-nel","max_age":3600,"endpoints":[{"url":"https://nel.heroku.com/reports?ts=1715690214&sid=c46efe9b-d3d2-4a0c-8c76-bfafa16c5add&s=Lh%2BXMyKCxu0dGnbhwv0KxW5A0KG5IJ9wvdSnpnZo718%3D"}]}
Reporting-Endpoints: heroku-nel=https://nel.heroku.com/reports?ts=1715690214&sid=c46efe9b-d3d2-4a0c-8c76-bfafa16c5add&s=Lh%2BXMyKCxu0dGnbhwv0KxW5A0KG5IJ9wvdSnpnZo718%3D
Nel: {"report_to":"heroku-nel","max_age":3600,"success_fraction":0.005,"failure_fraction":0.05,"response_headers":["Via"]}
Connection: keep-alive
X-Powered-By: Express
Content-Type: text/plain; charset=utf-8
Content-Length: 9
Etag: W/"9-0gXL1ngzMqISxa6S1zx3F4wtLyg"
Date: Tue, 14 May 2024 12:36:54 GMT
Via: 1.1 vegur

Not Found
HTTP/1.1 404 Not Found
Server: Cowboy
Report-To: {"group":"heroku-nel","max_age":3600,"endpoints":[{"url":"https://nel.heroku.com/reports?ts=1715690214&sid=c46efe9b-d3d2-4a0c-8c76-bfafa16c5add&s=Lh%2BXMyKCxu0dGnbhwv0KxW5A0KG5IJ9wvdSnpnZo718%3D"}]}
Reporting-Endpoints: heroku-nel=https://nel.heroku.com/reports?ts=1715690214&sid=c46efe9b-d3d2-4a0c-8c76-bfafa16c5add&s=Lh%2BXMyKCxu0dGnbhwv0KxW5A0KG5IJ9wvdSnpnZo718%3D
Nel: {"report_to":"heroku-nel","max_age":3600,"success_fraction":0.005,"failure_fraction":0.05,"response_headers":["Via"]}
Connection: keep-alive
X-Powered-By: Express
Content-Type: text/plain; charset=utf-8
Content-Length: 9
Etag: W/"9-0gXL1ngzMqISxa6S1zx3F4wtLyg"
Date: Tue, 14 May 2024 12:36:54 GMT
Via: 1.1 vegur

Not Found
]]></system-out>
  </testcase>
</testsuite>